sudo: unable to resolve host devbox: Name or service not known
==> No configuration files loaded
==> Starting Nomad agent...
==> Nomad agent configuration:

       Advertise Addrs: HTTP: 127.0.0.1:4646; RPC: 127.0.0.1:4647; Serf: 127.0.0.1:4648
            Bind Addrs: HTTP: [127.0.0.1:4646]; RPC: 127.0.0.1:4647; Serf: 127.0.0.1:4648
                Client: true
             Log Level: DEBUG
               Node Id: 71d1ad34-5ecf-305a-0162-de3370f18e38
                Region: global (DC: dc1)
                Server: true
               Version: 1.7.7

==> Nomad agent started! Log data will stream in below:

    2025-09-26T00:15:50.486Z [DEBUG] nomad: issuer not set; OIDC Discovery endpoint for workload identities disabled
    2025-09-26T00:15:50.493Z [INFO]  nomad.raft: initial configuration: index=1 servers="[{Suffrage:Voter ID:c88d9551-53de-d57b-781f-29a65563bce7 Address:127.0.0.1:4647}]"
    2025-09-26T00:15:50.494Z [INFO]  nomad.raft: entering follower state: follower="Node at 127.0.0.1:4647 [Follower]" leader-address= leader-id=
    2025-09-26T00:15:50.498Z [INFO]  nomad: serf: EventMemberJoin: devbox.global 127.0.0.1
    2025-09-26T00:15:50.498Z [INFO]  nomad: starting scheduling worker(s): num_workers=4 schedulers=["sysbatch", "service", "batch", "system", "_core"]
    2025-09-26T00:15:50.498Z [DEBUG] nomad: started scheduling worker: id=767948ab-a6d5-c4d8-7e55-c610a19edaa8 index=1 of=4
    2025-09-26T00:15:50.498Z [DEBUG] worker: running: worker_id=767948ab-a6d5-c4d8-7e55-c610a19edaa8
    2025-09-26T00:15:50.499Z [DEBUG] nomad: started scheduling worker: id=455d111d-db1e-3078-1305-2c11d9fcbc22 index=2 of=4
    2025-09-26T00:15:50.499Z [DEBUG] nomad: started scheduling worker: id=26069d00-312f-9ec3-9a2f-f48d6da12fdd index=3 of=4
    2025-09-26T00:15:50.499Z [DEBUG] nomad: started scheduling worker: id=1129e0a9-4034-e431-df68-c686e8906fbc index=4 of=4
    2025-09-26T00:15:50.499Z [INFO]  nomad: started scheduling worker(s): num_workers=4 schedulers=["sysbatch", "service", "batch", "system", "_core"]
    2025-09-26T00:15:50.500Z [DEBUG] worker: running: worker_id=455d111d-db1e-3078-1305-2c11d9fcbc22
    2025-09-26T00:15:50.500Z [DEBUG] worker: running: worker_id=26069d00-312f-9ec3-9a2f-f48d6da12fdd
    2025-09-26T00:15:50.500Z [DEBUG] worker: running: worker_id=1129e0a9-4034-e431-df68-c686e8906fbc
    2025-09-26T00:15:50.500Z [INFO]  nomad: adding server: server="devbox.global (Addr: 127.0.0.1:4647) (DC: dc1)"
    2025-09-26T00:15:50.501Z [DEBUG] nomad.keyring.replicator: starting encryption key replication
    2025-09-26T00:15:50.511Z [DEBUG] agent.plugin_loader.docker: using client connection initialized from environment: plugin_dir=""
    2025-09-26T00:15:50.511Z [INFO]  agent: detected plugin: name=raw_exec type=driver plugin_version=0.1.0
    2025-09-26T00:15:50.511Z [INFO]  agent: detected plugin: name=exec type=driver plugin_version=0.1.0
    2025-09-26T00:15:50.511Z [INFO]  agent: detected plugin: name=qemu type=driver plugin_version=0.1.0
    2025-09-26T00:15:50.511Z [INFO]  agent: detected plugin: name=java type=driver plugin_version=0.1.0
    2025-09-26T00:15:50.511Z [INFO]  agent: detected plugin: name=docker type=driver plugin_version=0.1.0
    2025-09-26T00:15:50.511Z [INFO]  client: using state directory: state_dir=/tmp/NomadClient843138112
    2025-09-26T00:15:50.515Z [INFO]  client: using alloc directory: alloc_dir=/tmp/NomadClient2404581561
    2025-09-26T00:15:50.515Z [INFO]  client: using dynamic ports: min=20000 max=32000 reserved=""
    2025-09-26T00:15:50.516Z [DEBUG] client.fingerprint_mgr: built-in fingerprints: fingerprinters=["arch", "bridge", "cgroup", "cni", "consul", "cpu", "host", "landlock", "memory", "network", "nomad", "plugins_cni", "signal", "storage", "vault", "env_gce", "env_azure", "env_digitalocean", "env_aws"]
    2025-09-26T00:15:50.517Z [DEBUG] client.fingerprint_mgr.cgroup: detected cgroups: version=2
    2025-09-26T00:15:50.517Z [DEBUG] client.fingerprint_mgr: CNI config dir is not set or does not exist, skipping: cni_config_dir=/opt/cni/config
    2025-09-26T00:15:50.525Z [INFO]  client.fingerprint_mgr.consul: consul agent is available: cluster=default
    2025-09-26T00:15:50.525Z [DEBUG] client.fingerprint_mgr: fingerprinting periodically: fingerprinter=consul initial_period=1m58.943202894s
    2025-09-26T00:15:50.530Z [DEBUG] client.fingerprint_mgr.cpu: detected CPU model: name="Intel(R) Xeon(R) Processor @ 2.30GHz"
    2025-09-26T00:15:50.530Z [DEBUG] client.fingerprint_mgr.cpu: detected CPU frequency: mhz=2299
    2025-09-26T00:15:50.530Z [DEBUG] client.fingerprint_mgr.cpu: detected CPU core count: cores=4
    2025-09-26T00:15:50.530Z [WARN]  client.fingerprint_mgr.landlock: failed to fingerprint kernel landlock feature: error="function not implemented"
    2025-09-26T00:15:50.531Z [DEBUG] client.fingerprint_mgr.network: unable to read link speed: path=/sys/class/net/lo/speed device=lo
    2025-09-26T00:15:50.531Z [DEBUG] client.fingerprint_mgr.network: link speed could not be detected and no speed specified by user, falling back to default speed: interface=lo mbits=1000
    2025-09-26T00:15:50.531Z [DEBUG] client.fingerprint_mgr.network: detected interface IP: interface=lo IP=127.0.0.1
    2025-09-26T00:15:50.531Z [DEBUG] client.fingerprint_mgr.network: unable to read link speed: path=/sys/class/net/lo/speed device=lo
    2025-09-26T00:15:50.531Z [DEBUG] client.fingerprint_mgr.network: link speed could not be detected, falling back to default speed: interface=lo mbits=1000
    2025-09-26T00:15:50.531Z [DEBUG] client.fingerprint_mgr.network: unable to parse link speed: path=/sys/class/net/eth0/speed device=eth0
    2025-09-26T00:15:50.531Z [DEBUG] client.fingerprint_mgr.network: link speed could not be detected, falling back to default speed: interface=eth0 mbits=1000
    2025-09-26T00:15:50.531Z [DEBUG] client.fingerprint_mgr.network: unable to parse link speed: path=/sys/class/net/docker0/speed device=docker0
    2025-09-26T00:15:50.531Z [DEBUG] client.fingerprint_mgr.network: link speed could not be detected, falling back to default speed: interface=docker0 mbits=1000
    2025-09-26T00:15:50.532Z [DEBUG] client.fingerprint_mgr.cni_plugins: unexpected non-executable in cni plugin directory: name=LICENSE
    2025-09-26T00:15:50.532Z [DEBUG] client.fingerprint_mgr.cni_plugins: unexpected non-executable in cni plugin directory: name=README.md
    2025-09-26T00:15:50.536Z [DEBUG] consul.sync: sync complete: registered_services=3 deregistered_services=0 registered_checks=3 deregistered_checks=0
    2025-09-26T00:15:50.898Z [DEBUG] client.fingerprint_mgr: fingerprinting periodically: fingerprinter=vault initial_period=15s
    2025-09-26T00:15:50.902Z [DEBUG] client.fingerprint_mgr.env_gce: could not read value for attribute: attribute=machine-type error="Get \"http://169.254.169.254/computeMetadata/v1/instance/machine-type\": dial tcp 169.254.169.254:80: connect: connection refused"
    2025-09-26T00:15:50.902Z [DEBUG] client.fingerprint_mgr.env_gce: error querying GCE Metadata URL, skipping
    2025-09-26T00:15:50.903Z [DEBUG] client.fingerprint_mgr.env_azure: could not read value for attribute: attribute=compute/azEnvironment error="Get \"http://169.254.169.254/metadata/instance/compute/azEnvironment?api-version=2019-06-04&format=text\": dial tcp 169.254.169.254:80: connect: connection refused"
    2025-09-26T00:15:50.903Z [DEBUG] client.fingerprint_mgr.env_digitalocean: failed to request metadata: attribute=region error="Get \"http://169.254.169.254/metadata/v1/region\": dial tcp 169.254.169.254:80: connect: connection refused"
    2025-09-26T00:15:50.904Z [DEBUG] client.fingerprint_mgr: detected fingerprints: node_attrs=["arch", "bridge", "consul", "cpu", "host", "network", "nomad", "plugins_cni", "signal", "storage"]
    2025-09-26T00:15:50.904Z [INFO]  client.proclib.cg2: initializing nomad cgroups: cores=0-3
    2025-09-26T00:15:50.904Z [DEBUG] client.proclib.cg2: top level partition root nomad.slice cgroup initialized
    2025-09-26T00:15:50.904Z [DEBUG] client.proclib.cg2: partition member nomad.slice/share cgroup initialized
    2025-09-26T00:15:50.904Z [DEBUG] client.proclib.cg2: partition member nomad.slice/reserve cgroup initialized
    2025-09-26T00:15:50.904Z [INFO]  client.plugin: starting plugin manager: plugin-type=csi
    2025-09-26T00:15:50.904Z [INFO]  client.plugin: starting plugin manager: plugin-type=driver
    2025-09-26T00:15:50.904Z [INFO]  client.plugin: starting plugin manager: plugin-type=device
    2025-09-26T00:15:50.904Z [DEBUG] client.device_mgr: exiting since there are no device plugins
    2025-09-26T00:15:50.904Z [DEBUG] client.driver_mgr: initial driver fingerprint: driver=raw_exec health=healthy description=Healthy
    2025-09-26T00:15:50.905Z [DEBUG] client.driver_mgr: initial driver fingerprint: driver=exec health=healthy description=Healthy
    2025-09-26T00:15:50.905Z [DEBUG] client.driver_mgr.docker: using client connection initialized from environment: driver=docker
    2025-09-26T00:15:50.905Z [DEBUG] client.plugin: waiting on plugin manager initial fingerprint: plugin-type=device
    2025-09-26T00:15:50.905Z [DEBUG] client.plugin: waiting on plugin manager initial fingerprint: plugin-type=driver
    2025-09-26T00:15:50.905Z [DEBUG] client.plugin: finished plugin manager initial fingerprint: plugin-type=device
    2025-09-26T00:15:50.905Z [DEBUG] client.driver_mgr: initial driver fingerprint: driver=qemu health=undetected description=""
    2025-09-26T00:15:50.906Z [DEBUG] client.server_mgr: new server list: new_servers=[127.0.0.1:4647] old_servers=[]
    2025-09-26T00:15:50.941Z [DEBUG] client.driver_mgr: initial driver fingerprint: driver=docker health=healthy description=Healthy
    2025-09-26T00:15:51.215Z [DEBUG] client.driver_mgr: initial driver fingerprint: driver=java health=healthy description=Healthy
    2025-09-26T00:15:51.215Z [DEBUG] client.driver_mgr: detected drivers: drivers="map[healthy:[exec raw_exec docker java] undetected:[qemu]]"
    2025-09-26T00:15:51.215Z [DEBUG] client.plugin: finished plugin manager initial fingerprint: plugin-type=driver
    2025-09-26T00:15:51.215Z [INFO]  client: started client: node_id=743dca01-66f2-772e-d20b-728a54ea101c
    2025-09-26T00:15:51.216Z [DEBUG] http: UI is enabled
    2025-09-26T00:15:51.216Z [DEBUG] http: UI is enabled
    2025-09-26T00:15:51.232Z [DEBUG] consul.sync: sync complete: registered_services=1 deregistered_services=0 registered_checks=1 deregistered_checks=0
